  CourseWork.cpp
  Line.cpp
  Parallelogram.cpp
  Quadrilateral.cpp
  Rectangle.cpp
  RightDegreeTriangle.cpp
C:\Work\GitHub\Course\CourseWork\CourseWork\RightDegreeTriangle.cpp(49,11): warning C4244: =: преобразование "double" в "int", возможна потеря данных
C:\Work\GitHub\Course\CourseWork\CourseWork\RightDegreeTriangle.cpp(79,11): warning C4244: =: преобразование "double" в "int", возможна потеря данных
  RIghtTriangle.cpp
  Trapezoid.cpp
C:\Work\GitHub\Course\CourseWork\CourseWork\Trapezoid.cpp(35,9): warning C4101: proc: неиспользованная локальная переменная
C:\Work\GitHub\Course\CourseWork\CourseWork\Trapezoid.cpp(63,9): warning C4101: proc: неиспользованная локальная переменная
  Triangle.cpp
  Создание кода...
C:\Work\GitHub\Course\CourseWork\CourseWork\Triangle.cpp(54): warning C4715: Triangle::SelectShape: значение возвращается не при всех путях выполнения
C:\Work\GitHub\Course\CourseWork\CourseWork\Triangle.cpp(45): warning C4172: возвращение адреса локальной или временной переменной : rightTri
C:\Work\GitHub\Course\CourseWork\CourseWork\Triangle.cpp(50): warning C4172: возвращение адреса локальной или временной переменной : rightDegreeTri
C:\Work\GitHub\Course\CourseWork\CourseWork\Quadrilateral.cpp(58): warning C4715: Quadrilateral::SelectShape: значение возвращается не при всех путях выполнения
C:\Work\GitHub\Course\CourseWork\CourseWork\Quadrilateral.cpp(45): warning C4172: возвращение адреса локальной или временной переменной : rec
C:\Work\GitHub\Course\CourseWork\CourseWork\Quadrilateral.cpp(50): warning C4172: возвращение адреса локальной или временной переменной : par
C:\Work\GitHub\Course\CourseWork\CourseWork\Quadrilateral.cpp(55): warning C4172: возвращение адреса локальной или временной переменной : trap
  CourseWork.vcxproj -> C:\Work\GitHub\Course\CourseWork\Debug\CourseWork.exe
